The system is: Darwin - 15.6.0 - x86_64
Compiling the C compiler identification source file "CMakeCCompilerId.c" succeeded.
Compiler: /usr/local/bin/clang-3.8 
Build flags: 
Id flags: 

The output was:
0


Compilation of the C compiler identification source "CMakeCCompilerId.c" produced "a.out"

The C compiler identification is Clang, found in "/Users/xiangyu/Documents/git/LLVM-compiler-practice/code/Template/build/CMakeFiles/3.5.2/CompilerIdC/a.out"

Compiling the CXX compiler identification source file "CMakeCXXCompilerId.cpp" succeeded.
Compiler: /usr/local/bin/clang++-3.8 
Build flags: 
Id flags: 

The output was:
0


Compilation of the CXX compiler identification source "CMakeCXXCompilerId.cpp" produced "a.out"

The CXX compiler identification is Clang, found in "/Users/xiangyu/Documents/git/LLVM-compiler-practice/code/Template/build/CMakeFiles/3.5.2/CompilerIdCXX/a.out"

Determining if the C compiler works passed with the following output:
Change Dir: /Users/xiangyu/Documents/git/LLVM-compiler-practice/code/Template/build/CMakeFiles/CMakeTmp

Run Build Command:"/usr/bin/make" "cmTC_0fdd9/fast"
/Applications/Xcode.app/Contents/Developer/usr/bin/make -f CMakeFiles/cmTC_0fdd9.dir/build.make CMakeFiles/cmTC_0fdd9.dir/build
Building C object CMakeFiles/cmTC_0fdd9.dir/testCCompiler.c.o
/usr/local/bin/clang-3.8     -o CMakeFiles/cmTC_0fdd9.dir/testCCompiler.c.o   -c /Users/xiangyu/Documents/git/LLVM-compiler-practice/code/Template/build/CMakeFiles/CMakeTmp/testCCompiler.c
Linking C executable cmTC_0fdd9
/usr/local/Cellar/cmake/3.5.2/bin/cmake -E cmake_link_script CMakeFiles/cmTC_0fdd9.dir/link.txt --verbose=1
/usr/local/bin/clang-3.8    -Wl,-search_paths_first -Wl,-headerpad_max_install_names   CMakeFiles/cmTC_0fdd9.dir/testCCompiler.c.o  -o cmTC_0fdd9 


Detecting C compiler ABI info compiled with the following output:
Change Dir: /Users/xiangyu/Documents/git/LLVM-compiler-practice/code/Template/build/CMakeFiles/CMakeTmp

Run Build Command:"/usr/bin/make" "cmTC_90d33/fast"
/Applications/Xcode.app/Contents/Developer/usr/bin/make -f CMakeFiles/cmTC_90d33.dir/build.make CMakeFiles/cmTC_90d33.dir/build
Building C object CMakeFiles/cmTC_90d33.dir/CMakeCCompilerABI.c.o
/usr/local/bin/clang-3.8     -o CMakeFiles/cmTC_90d33.dir/CMakeCCompilerABI.c.o   -c /usr/local/Cellar/cmake/3.5.2/share/cmake/Modules/CMakeCCompilerABI.c
Linking C executable cmTC_90d33
/usr/local/Cellar/cmake/3.5.2/bin/cmake -E cmake_link_script CMakeFiles/cmTC_90d33.dir/link.txt --verbose=1
/usr/local/bin/clang-3.8    -Wl,-search_paths_first -Wl,-headerpad_max_install_names  -v -Wl,-v CMakeFiles/cmTC_90d33.dir/CMakeCCompilerABI.c.o  -o cmTC_90d33  
clang version 3.8.0 (tags/RELEASE_380/final)
Target: x86_64-apple-darwin15.6.0
Thread model: posix
InstalledDir: /usr/local/bin
 "/usr/bin/ld" -demangle -dynamic -arch x86_64 -macosx_version_min 10.11.0 -o cmTC_90d33 -search_paths_first -headerpad_max_install_names -v CMakeFiles/cmTC_90d33.dir/CMakeCCompilerABI.c.o -lSystem
@(#)PROGRAM:ld  PROJECT:ld64-264.3.102
configured to support archs: armv6 armv7 armv7s arm64 i386 x86_64 x86_64h armv6m armv7k armv7m armv7em (tvOS)
Library search paths:
	/usr/lib
	/usr/local/lib
Framework search paths:
	/Library/Frameworks/
	/System/Library/Frameworks/


Parsed C implicit link information from above output:
  link line regex: [^( *|.*[/\])(ld|([^/\]+-)?ld|collect2)[^/\]*( |$)]
  ignore line: [Change Dir: /Users/xiangyu/Documents/git/LLVM-compiler-practice/code/Template/build/CMakeFiles/CMakeTmp]
  ignore line: []
  ignore line: [Run Build Command:"/usr/bin/make" "cmTC_90d33/fast"]
  ignore line: [/Applications/Xcode.app/Contents/Developer/usr/bin/make -f CMakeFiles/cmTC_90d33.dir/build.make CMakeFiles/cmTC_90d33.dir/build]
  ignore line: [Building C object CMakeFiles/cmTC_90d33.dir/CMakeCCompilerABI.c.o]
  ignore line: [/usr/local/bin/clang-3.8     -o CMakeFiles/cmTC_90d33.dir/CMakeCCompilerABI.c.o   -c /usr/local/Cellar/cmake/3.5.2/share/cmake/Modules/CMakeCCompilerABI.c]
  ignore line: [Linking C executable cmTC_90d33]
  ignore line: [/usr/local/Cellar/cmake/3.5.2/bin/cmake -E cmake_link_script CMakeFiles/cmTC_90d33.dir/link.txt --verbose=1]
  ignore line: [/usr/local/bin/clang-3.8    -Wl,-search_paths_first -Wl,-headerpad_max_install_names  -v -Wl,-v CMakeFiles/cmTC_90d33.dir/CMakeCCompilerABI.c.o  -o cmTC_90d33  ]
  ignore line: [clang version 3.8.0 (tags/RELEASE_380/final)]
  ignore line: [Target: x86_64-apple-darwin15.6.0]
  ignore line: [Thread model: posix]
  ignore line: [InstalledDir: /usr/local/bin]
  link line: [ "/usr/bin/ld" -demangle -dynamic -arch x86_64 -macosx_version_min 10.11.0 -o cmTC_90d33 -search_paths_first -headerpad_max_install_names -v CMakeFiles/cmTC_90d33.dir/CMakeCCompilerABI.c.o -lSystem]
    arg [/usr/bin/ld] ==> ignore
    arg [-demangle] ==> ignore
    arg [-dynamic] ==> ignore
    arg [-arch] ==> ignore
    arg [x86_64] ==> ignore
    arg [-macosx_version_min] ==> ignore
    arg [10.11.0] ==> ignore
    arg [-o] ==> ignore
    arg [cmTC_90d33] ==> ignore
    arg [-search_paths_first] ==> ignore
    arg [-headerpad_max_install_names] ==> ignore
    arg [-v] ==> ignore
    arg [CMakeFiles/cmTC_90d33.dir/CMakeCCompilerABI.c.o] ==> ignore
    arg [-lSystem] ==> lib [System]
  Library search paths: [;/usr/lib;/usr/local/lib]
  Framework search paths: [;/Library/Frameworks/;/System/Library/Frameworks/]
  remove lib [System]
  collapse library dir [/usr/lib] ==> [/usr/lib]
  collapse library dir [/usr/local/lib] ==> [/usr/local/lib]
  collapse framework dir [/Library/Frameworks/] ==> [/Library/Frameworks]
  collapse framework dir [/System/Library/Frameworks/] ==> [/System/Library/Frameworks]
  implicit libs: []
  implicit dirs: [/usr/lib;/usr/local/lib]
  implicit fwks: [/Library/Frameworks;/System/Library/Frameworks]




Detecting C [-std=c11] compiler features compiled with the following output:
Change Dir: /Users/xiangyu/Documents/git/LLVM-compiler-practice/code/Template/build/CMakeFiles/CMakeTmp

Run Build Command:"/usr/bin/make" "cmTC_13650/fast"
/Applications/Xcode.app/Contents/Developer/usr/bin/make -f CMakeFiles/cmTC_13650.dir/build.make CMakeFiles/cmTC_13650.dir/build
Building C object CMakeFiles/cmTC_13650.dir/feature_tests.c.o
/usr/local/bin/clang-3.8    -std=c11 -o CMakeFiles/cmTC_13650.dir/feature_tests.c.o   -c /Users/xiangyu/Documents/git/LLVM-compiler-practice/code/Template/build/CMakeFiles/feature_tests.c
Linking C executable cmTC_13650
/usr/local/Cellar/cmake/3.5.2/bin/cmake -E cmake_link_script CMakeFiles/cmTC_13650.dir/link.txt --verbose=1
/usr/local/bin/clang-3.8    -Wl,-search_paths_first -Wl,-headerpad_max_install_names   CMakeFiles/cmTC_13650.dir/feature_tests.c.o  -o cmTC_13650 


    Feature record: C_FEATURE:1c_function_prototypes
    Feature record: C_FEATURE:1c_restrict
    Feature record: C_FEATURE:1c_static_assert
    Feature record: C_FEATURE:1c_variadic_macros


Detecting C [-std=c99] compiler features compiled with the following output:
Change Dir: /Users/xiangyu/Documents/git/LLVM-compiler-practice/code/Template/build/CMakeFiles/CMakeTmp

Run Build Command:"/usr/bin/make" "cmTC_ca8ae/fast"
/Applications/Xcode.app/Contents/Developer/usr/bin/make -f CMakeFiles/cmTC_ca8ae.dir/build.make CMakeFiles/cmTC_ca8ae.dir/build
Building C object CMakeFiles/cmTC_ca8ae.dir/feature_tests.c.o
/usr/local/bin/clang-3.8    -std=c99 -o CMakeFiles/cmTC_ca8ae.dir/feature_tests.c.o   -c /Users/xiangyu/Documents/git/LLVM-compiler-practice/code/Template/build/CMakeFiles/feature_tests.c
Linking C executable cmTC_ca8ae
/usr/local/Cellar/cmake/3.5.2/bin/cmake -E cmake_link_script CMakeFiles/cmTC_ca8ae.dir/link.txt --verbose=1
/usr/local/bin/clang-3.8    -Wl,-search_paths_first -Wl,-headerpad_max_install_names   CMakeFiles/cmTC_ca8ae.dir/feature_tests.c.o  -o cmTC_ca8ae 


    Feature record: C_FEATURE:1c_function_prototypes
    Feature record: C_FEATURE:1c_restrict
    Feature record: C_FEATURE:0c_static_assert
    Feature record: C_FEATURE:1c_variadic_macros


Detecting C [-std=c90] compiler features compiled with the following output:
Change Dir: /Users/xiangyu/Documents/git/LLVM-compiler-practice/code/Template/build/CMakeFiles/CMakeTmp

Run Build Command:"/usr/bin/make" "cmTC_967da/fast"
/Applications/Xcode.app/Contents/Developer/usr/bin/make -f CMakeFiles/cmTC_967da.dir/build.make CMakeFiles/cmTC_967da.dir/build
Building C object CMakeFiles/cmTC_967da.dir/feature_tests.c.o
/usr/local/bin/clang-3.8    -std=c90 -o CMakeFiles/cmTC_967da.dir/feature_tests.c.o   -c /Users/xiangyu/Documents/git/LLVM-compiler-practice/code/Template/build/CMakeFiles/feature_tests.c
Linking C executable cmTC_967da
/usr/local/Cellar/cmake/3.5.2/bin/cmake -E cmake_link_script CMakeFiles/cmTC_967da.dir/link.txt --verbose=1
/usr/local/bin/clang-3.8    -Wl,-search_paths_first -Wl,-headerpad_max_install_names   CMakeFiles/cmTC_967da.dir/feature_tests.c.o  -o cmTC_967da 


    Feature record: C_FEATURE:1c_function_prototypes
    Feature record: C_FEATURE:0c_restrict
    Feature record: C_FEATURE:0c_static_assert
    Feature record: C_FEATURE:0c_variadic_macros
Determining if the CXX compiler works passed with the following output:
Change Dir: /Users/xiangyu/Documents/git/LLVM-compiler-practice/code/Template/build/CMakeFiles/CMakeTmp

Run Build Command:"/usr/bin/make" "cmTC_c8ce6/fast"
/Applications/Xcode.app/Contents/Developer/usr/bin/make -f CMakeFiles/cmTC_c8ce6.dir/build.make CMakeFiles/cmTC_c8ce6.dir/build
Building CXX object CMakeFiles/cmTC_c8ce6.dir/testCXXCompiler.cxx.o
/usr/local/bin/clang++-3.8      -o CMakeFiles/cmTC_c8ce6.dir/testCXXCompiler.cxx.o -c /Users/xiangyu/Documents/git/LLVM-compiler-practice/code/Template/build/CMakeFiles/CMakeTmp/testCXXCompiler.cxx
Linking CXX executable cmTC_c8ce6
/usr/local/Cellar/cmake/3.5.2/bin/cmake -E cmake_link_script CMakeFiles/cmTC_c8ce6.dir/link.txt --verbose=1
/usr/local/bin/clang++-3.8     -Wl,-search_paths_first -Wl,-headerpad_max_install_names   CMakeFiles/cmTC_c8ce6.dir/testCXXCompiler.cxx.o  -o cmTC_c8ce6 


Detecting CXX compiler ABI info compiled with the following output:
Change Dir: /Users/xiangyu/Documents/git/LLVM-compiler-practice/code/Template/build/CMakeFiles/CMakeTmp

Run Build Command:"/usr/bin/make" "cmTC_6f120/fast"
/Applications/Xcode.app/Contents/Developer/usr/bin/make -f CMakeFiles/cmTC_6f120.dir/build.make CMakeFiles/cmTC_6f120.dir/build
Building CXX object CMakeFiles/cmTC_6f120.dir/CMakeCXXCompilerABI.cpp.o
/usr/local/bin/clang++-3.8      -o CMakeFiles/cmTC_6f120.dir/CMakeCXXCompilerABI.cpp.o -c /usr/local/Cellar/cmake/3.5.2/share/cmake/Modules/CMakeCXXCompilerABI.cpp
Linking CXX executable cmTC_6f120
/usr/local/Cellar/cmake/3.5.2/bin/cmake -E cmake_link_script CMakeFiles/cmTC_6f120.dir/link.txt --verbose=1
/usr/local/bin/clang++-3.8     -Wl,-search_paths_first -Wl,-headerpad_max_install_names  -v -Wl,-v CMakeFiles/cmTC_6f120.dir/CMakeCXXCompilerABI.cpp.o  -o cmTC_6f120  
clang version 3.8.0 (tags/RELEASE_380/final)
Target: x86_64-apple-darwin15.6.0
Thread model: posix
InstalledDir: /usr/local/bin
 "/usr/bin/ld" -demangle -dynamic -arch x86_64 -macosx_version_min 10.11.0 -o cmTC_6f120 -search_paths_first -headerpad_max_install_names -v CMakeFiles/cmTC_6f120.dir/CMakeCXXCompilerABI.cpp.o -lc++ -lSystem
@(#)PROGRAM:ld  PROJECT:ld64-264.3.102
configured to support archs: armv6 armv7 armv7s arm64 i386 x86_64 x86_64h armv6m armv7k armv7m armv7em (tvOS)
Library search paths:
	/usr/lib
	/usr/local/lib
Framework search paths:
	/Library/Frameworks/
	/System/Library/Frameworks/


Parsed CXX implicit link information from above output:
  link line regex: [^( *|.*[/\])(ld|([^/\]+-)?ld|collect2)[^/\]*( |$)]
  ignore line: [Change Dir: /Users/xiangyu/Documents/git/LLVM-compiler-practice/code/Template/build/CMakeFiles/CMakeTmp]
  ignore line: []
  ignore line: [Run Build Command:"/usr/bin/make" "cmTC_6f120/fast"]
  ignore line: [/Applications/Xcode.app/Contents/Developer/usr/bin/make -f CMakeFiles/cmTC_6f120.dir/build.make CMakeFiles/cmTC_6f120.dir/build]
  ignore line: [Building CXX object CMakeFiles/cmTC_6f120.dir/CMakeCXXCompilerABI.cpp.o]
  ignore line: [/usr/local/bin/clang++-3.8      -o CMakeFiles/cmTC_6f120.dir/CMakeCXXCompilerABI.cpp.o -c /usr/local/Cellar/cmake/3.5.2/share/cmake/Modules/CMakeCXXCompilerABI.cpp]
  ignore line: [Linking CXX executable cmTC_6f120]
  ignore line: [/usr/local/Cellar/cmake/3.5.2/bin/cmake -E cmake_link_script CMakeFiles/cmTC_6f120.dir/link.txt --verbose=1]
  ignore line: [/usr/local/bin/clang++-3.8     -Wl,-search_paths_first -Wl,-headerpad_max_install_names  -v -Wl,-v CMakeFiles/cmTC_6f120.dir/CMakeCXXCompilerABI.cpp.o  -o cmTC_6f120  ]
  ignore line: [clang version 3.8.0 (tags/RELEASE_380/final)]
  ignore line: [Target: x86_64-apple-darwin15.6.0]
  ignore line: [Thread model: posix]
  ignore line: [InstalledDir: /usr/local/bin]
  link line: [ "/usr/bin/ld" -demangle -dynamic -arch x86_64 -macosx_version_min 10.11.0 -o cmTC_6f120 -search_paths_first -headerpad_max_install_names -v CMakeFiles/cmTC_6f120.dir/CMakeCXXCompilerABI.cpp.o -lc++ -lSystem]
    arg [/usr/bin/ld] ==> ignore
    arg [-demangle] ==> ignore
    arg [-dynamic] ==> ignore
    arg [-arch] ==> ignore
    arg [x86_64] ==> ignore
    arg [-macosx_version_min] ==> ignore
    arg [10.11.0] ==> ignore
    arg [-o] ==> ignore
    arg [cmTC_6f120] ==> ignore
    arg [-search_paths_first] ==> ignore
    arg [-headerpad_max_install_names] ==> ignore
    arg [-v] ==> ignore
    arg [CMakeFiles/cmTC_6f120.dir/CMakeCXXCompilerABI.cpp.o] ==> ignore
    arg [-lc++] ==> lib [c++]
    arg [-lSystem] ==> lib [System]
  Library search paths: [;/usr/lib;/usr/local/lib]
  Framework search paths: [;/Library/Frameworks/;/System/Library/Frameworks/]
  remove lib [System]
  collapse library dir [/usr/lib] ==> [/usr/lib]
  collapse library dir [/usr/local/lib] ==> [/usr/local/lib]
  collapse framework dir [/Library/Frameworks/] ==> [/Library/Frameworks]
  collapse framework dir [/System/Library/Frameworks/] ==> [/System/Library/Frameworks]
  implicit libs: [c++]
  implicit dirs: [/usr/lib;/usr/local/lib]
  implicit fwks: [/Library/Frameworks;/System/Library/Frameworks]




Detecting CXX [-std=c++14] compiler features compiled with the following output:
Change Dir: /Users/xiangyu/Documents/git/LLVM-compiler-practice/code/Template/build/CMakeFiles/CMakeTmp

Run Build Command:"/usr/bin/make" "cmTC_56e0f/fast"
/Applications/Xcode.app/Contents/Developer/usr/bin/make -f CMakeFiles/cmTC_56e0f.dir/build.make CMakeFiles/cmTC_56e0f.dir/build
Building CXX object CMakeFiles/cmTC_56e0f.dir/feature_tests.cxx.o
/usr/local/bin/clang++-3.8     -std=c++14 -o CMakeFiles/cmTC_56e0f.dir/feature_tests.cxx.o -c /Users/xiangyu/Documents/git/LLVM-compiler-practice/code/Template/build/CMakeFiles/feature_tests.cxx
Linking CXX executable cmTC_56e0f
/usr/local/Cellar/cmake/3.5.2/bin/cmake -E cmake_link_script CMakeFiles/cmTC_56e0f.dir/link.txt --verbose=1
/usr/local/bin/clang++-3.8     -Wl,-search_paths_first -Wl,-headerpad_max_install_names   CMakeFiles/cmTC_56e0f.dir/feature_tests.cxx.o  -o cmTC_56e0f 


    Feature record: CXX_FEATURE:1cxx_aggregate_default_initializers
    Feature record: CXX_FEATURE:1cxx_alias_templates
    Feature record: CXX_FEATURE:1cxx_alignas
    Feature record: CXX_FEATURE:1cxx_alignof
    Feature record: CXX_FEATURE:1cxx_attributes
    Feature record: CXX_FEATURE:1cxx_attribute_deprecated
    Feature record: CXX_FEATURE:1cxx_auto_type
    Feature record: CXX_FEATURE:1cxx_binary_literals
    Feature record: CXX_FEATURE:1cxx_constexpr
    Feature record: CXX_FEATURE:1cxx_contextual_conversions
    Feature record: CXX_FEATURE:1cxx_decltype
    Feature record: CXX_FEATURE:1cxx_decltype_auto
    Feature record: CXX_FEATURE:1cxx_decltype_incomplete_return_types
    Feature record: CXX_FEATURE:1cxx_default_function_template_args
    Feature record: CXX_FEATURE:1cxx_defaulted_functions
    Feature record: CXX_FEATURE:1cxx_defaulted_move_initializers
    Feature record: CXX_FEATURE:1cxx_delegating_constructors
    Feature record: CXX_FEATURE:1cxx_deleted_functions
    Feature record: CXX_FEATURE:1cxx_digit_separators
    Feature record: CXX_FEATURE:1cxx_enum_forward_declarations
    Feature record: CXX_FEATURE:1cxx_explicit_conversions
    Feature record: CXX_FEATURE:1cxx_extended_friend_declarations
    Feature record: CXX_FEATURE:1cxx_extern_templates
    Feature record: CXX_FEATURE:1cxx_final
    Feature record: CXX_FEATURE:1cxx_func_identifier
    Feature record: CXX_FEATURE:1cxx_generalized_initializers
    Feature record: CXX_FEATURE:1cxx_generic_lambdas
    Feature record: CXX_FEATURE:1cxx_inheriting_constructors
    Feature record: CXX_FEATURE:1cxx_inline_namespaces
    Feature record: CXX_FEATURE:1cxx_lambdas
    Feature record: CXX_FEATURE:1cxx_lambda_init_captures
    Feature record: CXX_FEATURE:1cxx_local_type_template_args
    Feature record: CXX_FEATURE:1cxx_long_long_type
    Feature record: CXX_FEATURE:1cxx_noexcept
    Feature record: CXX_FEATURE:1cxx_nonstatic_member_init
    Feature record: CXX_FEATURE:1cxx_nullptr
    Feature record: CXX_FEATURE:1cxx_override
    Feature record: CXX_FEATURE:1cxx_range_for
    Feature record: CXX_FEATURE:1cxx_raw_string_literals
    Feature record: CXX_FEATURE:1cxx_reference_qualified_functions
    Feature record: CXX_FEATURE:1cxx_relaxed_constexpr
    Feature record: CXX_FEATURE:1cxx_return_type_deduction
    Feature record: CXX_FEATURE:1cxx_right_angle_brackets
    Feature record: CXX_FEATURE:1cxx_rvalue_references
    Feature record: CXX_FEATURE:1cxx_sizeof_member
    Feature record: CXX_FEATURE:1cxx_static_assert
    Feature record: CXX_FEATURE:1cxx_strong_enums
    Feature record: CXX_FEATURE:1cxx_template_template_parameters
    Feature record: CXX_FEATURE:1cxx_thread_local
    Feature record: CXX_FEATURE:1cxx_trailing_return_types
    Feature record: CXX_FEATURE:1cxx_unicode_literals
    Feature record: CXX_FEATURE:1cxx_uniform_initialization
    Feature record: CXX_FEATURE:1cxx_unrestricted_unions
    Feature record: CXX_FEATURE:1cxx_user_literals
    Feature record: CXX_FEATURE:1cxx_variable_templates
    Feature record: CXX_FEATURE:1cxx_variadic_macros
    Feature record: CXX_FEATURE:1cxx_variadic_templates


Detecting CXX [-std=c++11] compiler features compiled with the following output:
Change Dir: /Users/xiangyu/Documents/git/LLVM-compiler-practice/code/Template/build/CMakeFiles/CMakeTmp

Run Build Command:"/usr/bin/make" "cmTC_6ecf2/fast"
/Applications/Xcode.app/Contents/Developer/usr/bin/make -f CMakeFiles/cmTC_6ecf2.dir/build.make CMakeFiles/cmTC_6ecf2.dir/build
Building CXX object CMakeFiles/cmTC_6ecf2.dir/feature_tests.cxx.o
/usr/local/bin/clang++-3.8     -std=c++11 -o CMakeFiles/cmTC_6ecf2.dir/feature_tests.cxx.o -c /Users/xiangyu/Documents/git/LLVM-compiler-practice/code/Template/build/CMakeFiles/feature_tests.cxx
Linking CXX executable cmTC_6ecf2
/usr/local/Cellar/cmake/3.5.2/bin/cmake -E cmake_link_script CMakeFiles/cmTC_6ecf2.dir/link.txt --verbose=1
/usr/local/bin/clang++-3.8     -Wl,-search_paths_first -Wl,-headerpad_max_install_names   CMakeFiles/cmTC_6ecf2.dir/feature_tests.cxx.o  -o cmTC_6ecf2 


    Feature record: CXX_FEATURE:0cxx_aggregate_default_initializers
    Feature record: CXX_FEATURE:1cxx_alias_templates
    Feature record: CXX_FEATURE:1cxx_alignas
    Feature record: CXX_FEATURE:1cxx_alignof
    Feature record: CXX_FEATURE:1cxx_attributes
    Feature record: CXX_FEATURE:0cxx_attribute_deprecated
    Feature record: CXX_FEATURE:1cxx_auto_type
    Feature record: CXX_FEATURE:0cxx_binary_literals
    Feature record: CXX_FEATURE:1cxx_constexpr
    Feature record: CXX_FEATURE:0cxx_contextual_conversions
    Feature record: CXX_FEATURE:1cxx_decltype
    Feature record: CXX_FEATURE:0cxx_decltype_auto
    Feature record: CXX_FEATURE:1cxx_decltype_incomplete_return_types
    Feature record: CXX_FEATURE:1cxx_default_function_template_args
    Feature record: CXX_FEATURE:1cxx_defaulted_functions
    Feature record: CXX_FEATURE:1cxx_defaulted_move_initializers
    Feature record: CXX_FEATURE:1cxx_delegating_constructors
    Feature record: CXX_FEATURE:1cxx_deleted_functions
    Feature record: CXX_FEATURE:0cxx_digit_separators
    Feature record: CXX_FEATURE:1cxx_enum_forward_declarations
    Feature record: CXX_FEATURE:1cxx_explicit_conversions
    Feature record: CXX_FEATURE:1cxx_extended_friend_declarations
    Feature record: CXX_FEATURE:1cxx_extern_templates
    Feature record: CXX_FEATURE:1cxx_final
    Feature record: CXX_FEATURE:1cxx_func_identifier
    Feature record: CXX_FEATURE:1cxx_generalized_initializers
    Feature record: CXX_FEATURE:0cxx_generic_lambdas
    Feature record: CXX_FEATURE:1cxx_inheriting_constructors
    Feature record: CXX_FEATURE:1cxx_inline_namespaces
    Feature record: CXX_FEATURE:1cxx_lambdas
    Feature record: CXX_FEATURE:0cxx_lambda_init_captures
    Feature record: CXX_FEATURE:1cxx_local_type_template_args
    Feature record: CXX_FEATURE:1cxx_long_long_type
    Feature record: CXX_FEATURE:1cxx_noexcept
    Feature record: CXX_FEATURE:1cxx_nonstatic_member_init
    Feature record: CXX_FEATURE:1cxx_nullptr
    Feature record: CXX_FEATURE:1cxx_override
    Feature record: CXX_FEATURE:1cxx_range_for
    Feature record: CXX_FEATURE:1cxx_raw_string_literals
    Feature record: CXX_FEATURE:1cxx_reference_qualified_functions
    Feature record: CXX_FEATURE:0cxx_relaxed_constexpr
    Feature record: CXX_FEATURE:0cxx_return_type_deduction
    Feature record: CXX_FEATURE:1cxx_right_angle_brackets
    Feature record: CXX_FEATURE:1cxx_rvalue_references
    Feature record: CXX_FEATURE:1cxx_sizeof_member
    Feature record: CXX_FEATURE:1cxx_static_assert
    Feature record: CXX_FEATURE:1cxx_strong_enums
    Feature record: CXX_FEATURE:1cxx_template_template_parameters
    Feature record: CXX_FEATURE:1cxx_thread_local
    Feature record: CXX_FEATURE:1cxx_trailing_return_types
    Feature record: CXX_FEATURE:1cxx_unicode_literals
    Feature record: CXX_FEATURE:1cxx_uniform_initialization
    Feature record: CXX_FEATURE:1cxx_unrestricted_unions
    Feature record: CXX_FEATURE:1cxx_user_literals
    Feature record: CXX_FEATURE:0cxx_variable_templates
    Feature record: CXX_FEATURE:1cxx_variadic_macros
    Feature record: CXX_FEATURE:1cxx_variadic_templates


Detecting CXX [-std=c++98] compiler features compiled with the following output:
Change Dir: /Users/xiangyu/Documents/git/LLVM-compiler-practice/code/Template/build/CMakeFiles/CMakeTmp

Run Build Command:"/usr/bin/make" "cmTC_3564f/fast"
/Applications/Xcode.app/Contents/Developer/usr/bin/make -f CMakeFiles/cmTC_3564f.dir/build.make CMakeFiles/cmTC_3564f.dir/build
Building CXX object CMakeFiles/cmTC_3564f.dir/feature_tests.cxx.o
/usr/local/bin/clang++-3.8     -std=c++98 -o CMakeFiles/cmTC_3564f.dir/feature_tests.cxx.o -c /Users/xiangyu/Documents/git/LLVM-compiler-practice/code/Template/build/CMakeFiles/feature_tests.cxx
Linking CXX executable cmTC_3564f
/usr/local/Cellar/cmake/3.5.2/bin/cmake -E cmake_link_script CMakeFiles/cmTC_3564f.dir/link.txt --verbose=1
/usr/local/bin/clang++-3.8     -Wl,-search_paths_first -Wl,-headerpad_max_install_names   CMakeFiles/cmTC_3564f.dir/feature_tests.cxx.o  -o cmTC_3564f 


    Feature record: CXX_FEATURE:0cxx_aggregate_default_initializers
    Feature record: CXX_FEATURE:0cxx_alias_templates
    Feature record: CXX_FEATURE:0cxx_alignas
    Feature record: CXX_FEATURE:0cxx_alignof
    Feature record: CXX_FEATURE:0cxx_attributes
    Feature record: CXX_FEATURE:0cxx_attribute_deprecated
    Feature record: CXX_FEATURE:0cxx_auto_type
    Feature record: CXX_FEATURE:0cxx_binary_literals
    Feature record: CXX_FEATURE:0cxx_constexpr
    Feature record: CXX_FEATURE:0cxx_contextual_conversions
    Feature record: CXX_FEATURE:0cxx_decltype
    Feature record: CXX_FEATURE:0cxx_decltype_auto
    Feature record: CXX_FEATURE:0cxx_decltype_incomplete_return_types
    Feature record: CXX_FEATURE:0cxx_default_function_template_args
    Feature record: CXX_FEATURE:0cxx_defaulted_functions
    Feature record: CXX_FEATURE:0cxx_defaulted_move_initializers
    Feature record: CXX_FEATURE:0cxx_delegating_constructors
    Feature record: CXX_FEATURE:0cxx_deleted_functions
    Feature record: CXX_FEATURE:0cxx_digit_separators
    Feature record: CXX_FEATURE:0cxx_enum_forward_declarations
    Feature record: CXX_FEATURE:0cxx_explicit_conversions
    Feature record: CXX_FEATURE:0cxx_extended_friend_declarations
    Feature record: CXX_FEATURE:0cxx_extern_templates
    Feature record: CXX_FEATURE:0cxx_final
    Feature record: CXX_FEATURE:0cxx_func_identifier
    Feature record: CXX_FEATURE:0cxx_generalized_initializers
    Feature record: CXX_FEATURE:0cxx_generic_lambdas
    Feature record: CXX_FEATURE:0cxx_inheriting_constructors
    Feature record: CXX_FEATURE:0cxx_inline_namespaces
    Feature record: CXX_FEATURE:0cxx_lambdas
    Feature record: CXX_FEATURE:0cxx_lambda_init_captures
    Feature record: CXX_FEATURE:0cxx_local_type_template_args
    Feature record: CXX_FEATURE:0cxx_long_long_type
    Feature record: CXX_FEATURE:0cxx_noexcept
    Feature record: CXX_FEATURE:0cxx_nonstatic_member_init
    Feature record: CXX_FEATURE:0cxx_nullptr
    Feature record: CXX_FEATURE:0cxx_override
    Feature record: CXX_FEATURE:0cxx_range_for
    Feature record: CXX_FEATURE:0cxx_raw_string_literals
    Feature record: CXX_FEATURE:0cxx_reference_qualified_functions
    Feature record: CXX_FEATURE:0cxx_relaxed_constexpr
    Feature record: CXX_FEATURE:0cxx_return_type_deduction
    Feature record: CXX_FEATURE:0cxx_right_angle_brackets
    Feature record: CXX_FEATURE:0cxx_rvalue_references
    Feature record: CXX_FEATURE:0cxx_sizeof_member
    Feature record: CXX_FEATURE:0cxx_static_assert
    Feature record: CXX_FEATURE:0cxx_strong_enums
    Feature record: CXX_FEATURE:1cxx_template_template_parameters
    Feature record: CXX_FEATURE:0cxx_thread_local
    Feature record: CXX_FEATURE:0cxx_trailing_return_types
    Feature record: CXX_FEATURE:0cxx_unicode_literals
    Feature record: CXX_FEATURE:0cxx_uniform_initialization
    Feature record: CXX_FEATURE:0cxx_unrestricted_unions
    Feature record: CXX_FEATURE:0cxx_user_literals
    Feature record: CXX_FEATURE:0cxx_variable_templates
    Feature record: CXX_FEATURE:0cxx_variadic_macros
    Feature record: CXX_FEATURE:0cxx_variadic_templates
Performing C++ SOURCE FILE Test LLVM_NO_OLD_LIBSTDCXX succeeded with the following output:
Change Dir: /Users/xiangyu/Documents/git/LLVM-compiler-practice/code/Template/build/CMakeFiles/CMakeTmp

Run Build Command:"/usr/bin/make" "cmTC_f5f64/fast"
/Applications/Xcode.app/Contents/Developer/usr/bin/make -f CMakeFiles/cmTC_f5f64.dir/build.make CMakeFiles/cmTC_f5f64.dir/build
Building CXX object CMakeFiles/cmTC_f5f64.dir/src.cxx.o
/usr/local/bin/clang++-3.8     -DLLVM_NO_OLD_LIBSTDCXX -std=c++0x   -o CMakeFiles/cmTC_f5f64.dir/src.cxx.o -c /Users/xiangyu/Documents/git/LLVM-compiler-practice/code/Template/build/CMakeFiles/CMakeTmp/src.cxx
Linking CXX executable cmTC_f5f64
/usr/local/Cellar/cmake/3.5.2/bin/cmake -E cmake_link_script CMakeFiles/cmTC_f5f64.dir/link.txt --verbose=1
/usr/local/bin/clang++-3.8    -DLLVM_NO_OLD_LIBSTDCXX -std=c++0x -Wl,-search_paths_first -Wl,-headerpad_max_install_names   CMakeFiles/cmTC_f5f64.dir/src.cxx.o  -o cmTC_f5f64 

Source file was:

#include <atomic>
std::atomic<float> x(0.0f);
int main() { return (float)x; }
Performing C SOURCE FILE Test C_SUPPORTS_FPIC succeeded with the following output:
Change Dir: /Users/xiangyu/Documents/git/LLVM-compiler-practice/code/Template/build/CMakeFiles/CMakeTmp

Run Build Command:"/usr/bin/make" "cmTC_d4277/fast"
/Applications/Xcode.app/Contents/Developer/usr/bin/make -f CMakeFiles/cmTC_d4277.dir/build.make CMakeFiles/cmTC_d4277.dir/build
Building C object CMakeFiles/cmTC_d4277.dir/src.c.o
/usr/local/bin/clang-3.8    -DC_SUPPORTS_FPIC   -Werror -fPIC -o CMakeFiles/cmTC_d4277.dir/src.c.o   -c /Users/xiangyu/Documents/git/LLVM-compiler-practice/code/Template/build/CMakeFiles/CMakeTmp/src.c
Linking C executable cmTC_d4277
/usr/local/Cellar/cmake/3.5.2/bin/cmake -E cmake_link_script CMakeFiles/cmTC_d4277.dir/link.txt --verbose=1
/usr/local/bin/clang-3.8   -DC_SUPPORTS_FPIC -Wl,-search_paths_first -Wl,-headerpad_max_install_names   CMakeFiles/cmTC_d4277.dir/src.c.o  -o cmTC_d4277 

Source file was:
int main(void) { return 0; }
Performing C++ SOURCE FILE Test CXX_SUPPORTS_FPIC succeeded with the following output:
Change Dir: /Users/xiangyu/Documents/git/LLVM-compiler-practice/code/Template/build/CMakeFiles/CMakeTmp

Run Build Command:"/usr/bin/make" "cmTC_08bd2/fast"
/Applications/Xcode.app/Contents/Developer/usr/bin/make -f CMakeFiles/cmTC_08bd2.dir/build.make CMakeFiles/cmTC_08bd2.dir/build
Building CXX object CMakeFiles/cmTC_08bd2.dir/src.cxx.o
/usr/local/bin/clang++-3.8     -DCXX_SUPPORTS_FPIC   -Werror -fPIC -o CMakeFiles/cmTC_08bd2.dir/src.cxx.o -c /Users/xiangyu/Documents/git/LLVM-compiler-practice/code/Template/build/CMakeFiles/CMakeTmp/src.cxx
Linking CXX executable cmTC_08bd2
/usr/local/Cellar/cmake/3.5.2/bin/cmake -E cmake_link_script CMakeFiles/cmTC_08bd2.dir/link.txt --verbose=1
/usr/local/bin/clang++-3.8    -DCXX_SUPPORTS_FPIC -Wl,-search_paths_first -Wl,-headerpad_max_install_names   CMakeFiles/cmTC_08bd2.dir/src.cxx.o  -o cmTC_08bd2 

Source file was:
int main() { return 0; }
Performing C++ SOURCE FILE Test SUPPORTS_FVISIBILITY_INLINES_HIDDEN_FLAG succeeded with the following output:
Change Dir: /Users/xiangyu/Documents/git/LLVM-compiler-practice/code/Template/build/CMakeFiles/CMakeTmp

Run Build Command:"/usr/bin/make" "cmTC_7cfc7/fast"
/Applications/Xcode.app/Contents/Developer/usr/bin/make -f CMakeFiles/cmTC_7cfc7.dir/build.make CMakeFiles/cmTC_7cfc7.dir/build
Building CXX object CMakeFiles/cmTC_7cfc7.dir/src.cxx.o
/usr/local/bin/clang++-3.8     -fPIC -DSUPPORTS_FVISIBILITY_INLINES_HIDDEN_FLAG   -fvisibility-inlines-hidden -o CMakeFiles/cmTC_7cfc7.dir/src.cxx.o -c /Users/xiangyu/Documents/git/LLVM-compiler-practice/code/Template/build/CMakeFiles/CMakeTmp/src.cxx
Linking CXX executable cmTC_7cfc7
/usr/local/Cellar/cmake/3.5.2/bin/cmake -E cmake_link_script CMakeFiles/cmTC_7cfc7.dir/link.txt --verbose=1
/usr/local/bin/clang++-3.8    -fPIC -DSUPPORTS_FVISIBILITY_INLINES_HIDDEN_FLAG -Wl,-search_paths_first -Wl,-headerpad_max_install_names   CMakeFiles/cmTC_7cfc7.dir/src.cxx.o  -o cmTC_7cfc7 

Source file was:
int main() { return 0; }
Performing C SOURCE FILE Test C_SUPPORTS_WERROR_DATE_TIME succeeded with the following output:
Change Dir: /Users/xiangyu/Documents/git/LLVM-compiler-practice/code/Template/build/CMakeFiles/CMakeTmp

Run Build Command:"/usr/bin/make" "cmTC_7c6bc/fast"
/Applications/Xcode.app/Contents/Developer/usr/bin/make -f CMakeFiles/cmTC_7c6bc.dir/build.make CMakeFiles/cmTC_7c6bc.dir/build
Building C object CMakeFiles/cmTC_7c6bc.dir/src.c.o
/usr/local/bin/clang-3.8    -fPIC -DC_SUPPORTS_WERROR_DATE_TIME   -Werror -Werror=date-time -o CMakeFiles/cmTC_7c6bc.dir/src.c.o   -c /Users/xiangyu/Documents/git/LLVM-compiler-practice/code/Template/build/CMakeFiles/CMakeTmp/src.c
Linking C executable cmTC_7c6bc
/usr/local/Cellar/cmake/3.5.2/bin/cmake -E cmake_link_script CMakeFiles/cmTC_7c6bc.dir/link.txt --verbose=1
/usr/local/bin/clang-3.8   -fPIC -DC_SUPPORTS_WERROR_DATE_TIME -Wl,-search_paths_first -Wl,-headerpad_max_install_names   CMakeFiles/cmTC_7c6bc.dir/src.c.o  -o cmTC_7c6bc 

Source file was:
int main(void) { return 0; }
Performing C++ SOURCE FILE Test CXX_SUPPORTS_WERROR_DATE_TIME succeeded with the following output:
Change Dir: /Users/xiangyu/Documents/git/LLVM-compiler-practice/code/Template/build/CMakeFiles/CMakeTmp

Run Build Command:"/usr/bin/make" "cmTC_3708f/fast"
/Applications/Xcode.app/Contents/Developer/usr/bin/make -f CMakeFiles/cmTC_3708f.dir/build.make CMakeFiles/cmTC_3708f.dir/build
Building CXX object CMakeFiles/cmTC_3708f.dir/src.cxx.o
/usr/local/bin/clang++-3.8     -fPIC -fvisibility-inlines-hidden -DCXX_SUPPORTS_WERROR_DATE_TIME   -Werror -Werror=date-time -o CMakeFiles/cmTC_3708f.dir/src.cxx.o -c /Users/xiangyu/Documents/git/LLVM-compiler-practice/code/Template/build/CMakeFiles/CMakeTmp/src.cxx
Linking CXX executable cmTC_3708f
/usr/local/Cellar/cmake/3.5.2/bin/cmake -E cmake_link_script CMakeFiles/cmTC_3708f.dir/link.txt --verbose=1
/usr/local/bin/clang++-3.8    -fPIC -fvisibility-inlines-hidden -DCXX_SUPPORTS_WERROR_DATE_TIME -Wl,-search_paths_first -Wl,-headerpad_max_install_names   CMakeFiles/cmTC_3708f.dir/src.cxx.o  -o cmTC_3708f 

Source file was:
int main() { return 0; }
Performing C++ SOURCE FILE Test CXX_SUPPORTS_CXX11 succeeded with the following output:
Change Dir: /Users/xiangyu/Documents/git/LLVM-compiler-practice/code/Template/build/CMakeFiles/CMakeTmp

Run Build Command:"/usr/bin/make" "cmTC_d5445/fast"
/Applications/Xcode.app/Contents/Developer/usr/bin/make -f CMakeFiles/cmTC_d5445.dir/build.make CMakeFiles/cmTC_d5445.dir/build
Building CXX object CMakeFiles/cmTC_d5445.dir/src.cxx.o
/usr/local/bin/clang++-3.8     -fPIC -fvisibility-inlines-hidden -Werror=date-time -DCXX_SUPPORTS_CXX11   -std=c++11 -o CMakeFiles/cmTC_d5445.dir/src.cxx.o -c /Users/xiangyu/Documents/git/LLVM-compiler-practice/code/Template/build/CMakeFiles/CMakeTmp/src.cxx
Linking CXX executable cmTC_d5445
/usr/local/Cellar/cmake/3.5.2/bin/cmake -E cmake_link_script CMakeFiles/cmTC_d5445.dir/link.txt --verbose=1
/usr/local/bin/clang++-3.8    -fPIC -fvisibility-inlines-hidden -Werror=date-time -DCXX_SUPPORTS_CXX11 -Wl,-search_paths_first -Wl,-headerpad_max_install_names   CMakeFiles/cmTC_d5445.dir/src.cxx.o  -o cmTC_d5445 

Source file was:
int main() { return 0; }
